time="2022-05-29T12:33:36+08:00" level=debug msg="OpenShift Installer 4.10.11"
time="2022-05-29T12:33:36+08:00" level=debug msg="Built from commit 08bc665c50ff867ffd81cfe8f485f2b7c501506b"
time="2022-05-29T12:33:36+08:00" level=debug msg="Fetching Install Config..."
time="2022-05-29T12:33:36+08:00" level=debug msg="Loading Install Config..."
time="2022-05-29T12:33:36+08:00" level=debug msg="  Loading SSH Key..."
time="2022-05-29T12:33:36+08:00" level=debug msg="  Loading Base Domain..."
time="2022-05-29T12:33:36+08:00" level=debug msg="    Loading Platform..."
time="2022-05-29T12:33:36+08:00" level=debug msg="  Loading Cluster Name..."
time="2022-05-29T12:33:36+08:00" level=debug msg="    Loading Base Domain..."
time="2022-05-29T12:33:36+08:00" level=debug msg="    Loading Platform..."
time="2022-05-29T12:33:36+08:00" level=debug msg="  Loading Networking..."
time="2022-05-29T12:33:36+08:00" level=debug msg="    Loading Platform..."
time="2022-05-29T12:33:36+08:00" level=debug msg="  Loading Pull Secret..."
time="2022-05-29T12:33:36+08:00" level=debug msg="  Loading Platform..."
time="2022-05-29T12:33:36+08:00" level=debug msg="  Fetching SSH Key..."
time="2022-05-29T12:33:36+08:00" level=debug msg="  Generating SSH Key..."
time="2022-05-29T12:33:38+08:00" level=debug msg="  Fetching Base Domain..."
time="2022-05-29T12:33:38+08:00" level=debug msg="    Fetching Platform..."
time="2022-05-29T12:33:38+08:00" level=debug msg="    Generating Platform..."
time="2022-05-29T12:33:41+08:00" level=info msg="Credentials loaded from file \"/root/.azure/osServicePrincipal.json\""
time="2022-05-29T12:33:51+08:00" level=fatal msg="failed to fetch Install Config: failed to fetch dependency of \"Install Config\": failed to fetch dependency of \"Base Domain\": failed to generate asset \"Platform\": interrupt"
